{
  meta: {},
  level: '\x1B[32minfo\x1B[39m',
  message: '{"correlationId":"1666528391744","body":{}}'
}
{
  meta: {},
  level: '\x1B[32minfo\x1B[39m',
  message: '{"correlationId":"1666528391788","body":{}}'
}
{
  meta: {},
  level: '\x1B[32minfo\x1B[39m',
  message: '{"correlationId":"1666528391823","body":{}}'
}
{
  meta: {},
  level: '\x1B[32minfo\x1B[39m',
  message: '{"correlationId":"1666528391825","body":{}}'
}
{
  meta: {},
  level: '\x1B[32minfo\x1B[39m',
  message: '{"correlationId":"1666528391845","body":{}}'
}
{
  meta: {},
  level: '\x1B[32minfo\x1B[39m',
  message: '{"correlationId":"1666528392562","body":{}}'
}
{
  meta: {},
  level: '\x1B[32minfo\x1B[39m',
  message: '{"correlationId":"1666528424497","body":{}}'
}
{
  meta: {},
  level: '\x1B[32minfo\x1B[39m',
  message: '{"correlationId":"1666528448352","body":{}}'
}
{
  meta: {},
  level: '\x1B[32minfo\x1B[39m',
  message: '{"correlationId":"1666528448383","body":{}}'
}
{
  meta: {},
  level: '\x1B[32minfo\x1B[39m',
  message: '{"correlationId":"1666528448395","body":{}}'
}
{
  meta: {},
  level: '\x1B[32minfo\x1B[39m',
  message: '{"correlationId":"1666528448412","body":{}}'
}
{
  meta: {},
  level: '\x1B[32minfo\x1B[39m',
  message: '{"correlationId":"1666528448397","body":{}}'
}
{
  meta: {},
  level: '\x1B[32minfo\x1B[39m',
  message: '{"correlationId":"1666528449040","body":{}}'
}
