{
  meta: {},
  level: '\x1B[32minfo\x1B[39m',
  message: '{"correlationId":"1666516772325","body":{}}'
}
{
  meta: {},
  level: '\x1B[32minfo\x1B[39m',
  message: '{"correlationId":"1666516856925","body":{}}'
}
{
  meta: {},
  level: '\x1B[32minfo\x1B[39m',
  message: '{"correlationId":"1666516871912","body":{}}'
}
{
  meta: {},
  level: '\x1B[32minfo\x1B[39m',
  message: '{"correlationId":"1666516881952","body":{}}'
}
{
  meta: {},
  level: '\x1B[32minfo\x1B[39m',
  message: '{"correlationId":"1666516920719","body":{}}'
}
{
  meta: {},
  level: '\x1B[32minfo\x1B[39m',
  message: '{"correlationId":"1666517028655","body":{"username":"sfgjhgfjhsgfh","email":"sjhf@gmail.com"}}'
}
{
  meta: {},
  level: '\x1B[32minfo\x1B[39m',
  message: '{"correlationId":"1666517057053","body":{"username":"sfgjhgfjhsgfh","email":"sjhf@gmail.com"}}'
}
{
  meta: {},
  level: '\x1B[32minfo\x1B[39m',
  message: '{"correlationId":"1666517206329","body":{}}'
}
{
  meta: {},
  level: '\x1B[32minfo\x1B[39m',
  message: '{"correlationId":"1666517212310","body":{}}'
}
{
  meta: {},
  level: '\x1B[32minfo\x1B[39m',
  message: '{"correlationId":"1666517212371","body":{}}'
}
{
  meta: {},
  level: '\x1B[32minfo\x1B[39m',
  message: '{"correlationId":"1666517212346","body":{}}'
}
{
  meta: {},
  level: '\x1B[32minfo\x1B[39m',
  message: '{"correlationId":"1666517212367","body":{}}'
}
{
  meta: {},
  level: '\x1B[32minfo\x1B[39m',
  message: '{"correlationId":"1666517212352","body":{}}'
}
{
  meta: {},
  level: '\x1B[32minfo\x1B[39m',
  message: '{"correlationId":"1666517213083","body":{}}'
}
{
  meta: {},
  level: '\x1B[32minfo\x1B[39m',
  message: '{"correlationId":"1666517285859","body":{}}'
}
{
  meta: {},
  level: '\x1B[32minfo\x1B[39m',
  message: '{"correlationId":"1666517285924","body":{}}'
}
{
  meta: {},
  level: '\x1B[32minfo\x1B[39m',
  message: '{"correlationId":"1666517285948","body":{}}'
}
{
  meta: {},
  level: '\x1B[32minfo\x1B[39m',
  message: '{"correlationId":"1666517285966","body":{}}'
}
{
  meta: {},
  level: '\x1B[32minfo\x1B[39m',
  message: '{"correlationId":"1666517285964","body":{}}'
}
{
  meta: {},
  level: '\x1B[32minfo\x1B[39m',
  message: '{"correlationId":"1666517286388","body":{}}'
}
{
  meta: {},
  level: '\x1B[32minfo\x1B[39m',
  message: '{"correlationId":"1666517289018","body":{}}'
}
{
  meta: {},
  level: '\x1B[32minfo\x1B[39m',
  message: '{"correlationId":"1666517289049","body":{}}'
}
{
  meta: {},
  level: '\x1B[32minfo\x1B[39m',
  message: '{"correlationId":"1666517289066","body":{}}'
}
{
  meta: {},
  level: '\x1B[32minfo\x1B[39m',
  message: '{"correlationId":"1666517289063","body":{}}'
}
{
  meta: {},
  level: '\x1B[32minfo\x1B[39m',
  message: '{"correlationId":"1666517289064","body":{}}'
}
{
  meta: {},
  level: '\x1B[32minfo\x1B[39m',
  message: '{"correlationId":"1666517289331","body":{}}'
}
{
  meta: {},
  level: '\x1B[32minfo\x1B[39m',
  message: '{"correlationId":"1666517321733","body":{}}'
}
{
  meta: {},
  level: '\x1B[32minfo\x1B[39m',
  message: '{"correlationId":"1666517321779","body":{}}'
}
{
  meta: {},
  level: '\x1B[32minfo\x1B[39m',
  message: '{"correlationId":"1666517321805","body":{}}'
}
{
  meta: {},
  level: '\x1B[32minfo\x1B[39m',
  message: '{"correlationId":"1666517321798","body":{}}'
}
{
  meta: {},
  level: '\x1B[32minfo\x1B[39m',
  message: '{"correlationId":"1666517321803","body":{}}'
}
{
  meta: {},
  level: '\x1B[32minfo\x1B[39m',
  message: '{"correlationId":"1666517322655","body":{}}'
}
{
  meta: {},
  level: '\x1B[32minfo\x1B[39m',
  message: '{"correlationId":"1666517326301","body":{}}'
}
{
  meta: {},
  level: '\x1B[32minfo\x1B[39m',
  message: '{"correlationId":"1666517326350","body":{}}'
}
{
  meta: {},
  level: '\x1B[32minfo\x1B[39m',
  message: '{"correlationId":"1666517326352","body":{}}'
}
{
  meta: {},
  level: '\x1B[32minfo\x1B[39m',
  message: '{"correlationId":"1666517326354","body":{}}'
}
{
  meta: {},
  level: '\x1B[32minfo\x1B[39m',
  message: '{"correlationId":"1666517326388","body":{}}'
}
{
  meta: {},
  level: '\x1B[32minfo\x1B[39m',
  message: '{"correlationId":"1666517331176","body":{}}'
}
{
  meta: {},
  level: '\x1B[32minfo\x1B[39m',
  message: '{"correlationId":"1666517331211","body":{}}'
}
{
  meta: {},
  level: '\x1B[32minfo\x1B[39m',
  message: '{"correlationId":"1666517331230","body":{}}'
}
{
  meta: {},
  level: '\x1B[32minfo\x1B[39m',
  message: '{"correlationId":"1666517331222","body":{}}'
}
{
  meta: {},
  level: '\x1B[32minfo\x1B[39m',
  message: '{"correlationId":"1666517331228","body":{}}'
}
{
  meta: {},
  level: '\x1B[32minfo\x1B[39m',
  message: '{"correlationId":"1666517331512","body":{}}'
}
{
  meta: {},
  level: '\x1B[32minfo\x1B[39m',
  message: '{"correlationId":"1666517365238","body":{}}'
}
{
  meta: {},
  level: '\x1B[32minfo\x1B[39m',
  message: '{"correlationId":"1666517365279","body":{}}'
}
{
  meta: {},
  level: '\x1B[32minfo\x1B[39m',
  message: '{"correlationId":"1666517365295","body":{}}'
}
{
  meta: {},
  level: '\x1B[32minfo\x1B[39m',
  message: '{"correlationId":"1666517365296","body":{}}'
}
{
  meta: {},
  level: '\x1B[32minfo\x1B[39m',
  message: '{"correlationId":"1666517365339","body":{}}'
}
{
  meta: {},
  level: '\x1B[32minfo\x1B[39m',
  message: '{"correlationId":"1666517365720","body":{}}'
}
