{
  meta: {},
  level: '\x1B[32minfo\x1B[39m',
  message: '{"correlationId":"fsgjgshfsfsfusfsgfhsgfs","body":{"username":"newcarrer","email":"new@gmail.com"}}'
}
{
  meta: {},
  level: '\x1B[32minfo\x1B[39m',
  message: '{"correlationId":"fsgjgshfsfsfusfsgfhsgfs","body":{"username":"newcarrer","email":"new@gmail.com"}}'
}
{
  meta: {},
  level: '\x1B[32minfo\x1B[39m',
  message: '{"correlationId":"fsgjgshfsfsfusfsgfhsgfs","body":{"username":"newcarrer","email":"new@gmail.com"}}'
}
{
  meta: {},
  level: '\x1B[32minfo\x1B[39m',
  message: '{"correlationId":"fsgjgshfsfsfusfsgfhsgfs","body":{"username":"newcarrer","email":"new@gmail.com"}}'
}
{
  meta: {},
  level: '\x1B[32minfo\x1B[39m',
  message: '{"correlationId":"fsgjgshfsfsfusfsgfhsgfs","body":{"username":"newcarrer","email":"new@gmail.com"}}'
}
{
  meta: {},
  level: '\x1B[32minfo\x1B[39m',
  message: '{"correlationId":"fsgjgshfsfsfusfsgfhsgfs","body":{"username":"newcarrer","email":"new@gmail.com"}}'
}
{
  meta: {},
  level: '\x1B[32minfo\x1B[39m',
  message: '{"correlationId":"fsgjgshfsfsfusfsgfhsgfs","body":{"username":"newcarrer","email":"new@gmail.com"}}'
}
{
  meta: {},
  level: '\x1B[32minfo\x1B[39m',
  message: '{"correlationId":"fsgjgshfsfsfusfsgfhsgfs","body":{"username":"newcarrer","email":"new@gmail.com"}}'
}
{
  meta: {},
  level: '\x1B[32minfo\x1B[39m',
  message: '{"correlationId":"fsgjgshfsfsfusfsgfhsgfs","body":{"username":"newcarrer","email":"new@gmail.com"}}'
}
{
  meta: {},
  level: '\x1B[32minfo\x1B[39m',
  message: '{"body":{"username":"newcarrer","email":"new@gmail.com"}}'
}
{
  meta: {},
  level: '\x1B[32minfo\x1B[39m',
  message: '{"body":{"username":"newcarrer","email":"new@gmail.com"}}'
}
{
  meta: {},
  level: '\x1B[32minfo\x1B[39m',
  message: '{"body":{"username":"newcarrer","email":"new@gmail.com"}}'
}
{
  meta: {},
  level: '\x1B[32minfo\x1B[39m',
  message: '{"correlationId":"fsgjgshfsfsfusfsgfhsgfs","body":{"username":"newcarrer","email":"new@gmail.com"}}'
}
{
  meta: {},
  level: '\x1B[32minfo\x1B[39m',
  message: '{"correlationId":"fsgjgshfsfsfusfsgfhsgfs","body":{"username":"newcarrer","email":"new@gmail.com"}}'
}
{
  meta: {},
  level: '\x1B[32minfo\x1B[39m',
  message: '{"correlationId":"1665927611189","body":{"username":"newcarrer","email":"new@gmail.com"}}'
}
{
  meta: {},
  level: '\x1B[32minfo\x1B[39m',
  message: '{"correlationId":"1665927618213","body":{"username":"newcarrer","email":"new@gmail.com"}}'
}
{
  meta: {},
  level: '\x1B[32minfo\x1B[39m',
  message: '{"correlationId":"fsgjgshfsfsfusfsgfhsgfs","body":{"username":"newcarrer","email":"new@gmail.com"}}'
}
{
  meta: {},
  level: '\x1B[32minfo\x1B[39m',
  message: '{"correlationId":"1665927624535","body":{"username":"newcarrer","email":"new@gmail.com"}}'
}
{
  meta: {},
  level: '\x1B[32minfo\x1B[39m',
  message: '{"correlationId":"1665927702495","body":{"username":"newcarrer","email":"new@gmail.com"}}'
}
{
  meta: {},
  level: '\x1B[32minfo\x1B[39m',
  message: '{"correlationId":"1665927703745","body":{"username":"newcarrer","email":"new@gmail.com"}}'
}
{
  meta: {},
  level: '\x1B[32minfo\x1B[39m',
  message: '{"correlationId":"fsgjgshfsfsfusfsgfhsgfs","body":{"username":"newcarrer","email":"new@gmail.com"}}'
}
{
  meta: {},
  level: '\x1B[32minfo\x1B[39m',
  message: '{"correlationId":"fsgjgshfsfsfusfsgfhsgfs","body":{"username":"newcarrer","email":"new@gmail.com"}}'
}
{
  meta: {},
  level: '\x1B[32minfo\x1B[39m',
  message: '{"correlationId":"fsgjgshfsfsfusfsgfhsgfs","body":{"username":"newcarrer","email":"new@gmail.com"}}'
}
{
  meta: {},
  level: '\x1B[32minfo\x1B[39m',
  message: '{"correlationId":"fsgjgshfsfsfusfsgfhsgfs","body":{"username":"newcarrer","email":"new@gmail.com"}}'
}
